<?xml version="1.0" encoding="UTF-8"?>
<!-- Generated by org.testng.reporters.JUnitReportReporter -->
<testsuite hostname="DESKTOP-AT80JRI" failures="0" tests="1" name="com.learnit360.testcases.DashboardTest" time="27.291" errors="0" timestamp="2024-06-30T14:02:48 BDT" skipped="0">
  <testcase classname="com.learnit360.testcases.DashboardTest" name="subdcribeToCourseTest" time="27.291"/>
</testsuite> <!-- com.learnit360.testcases.DashboardTest -->
