<?xml version="1.0" encoding="UTF-8"?>
<!-- Generated by org.testng.reporters.JUnitReportReporter -->
<testsuite hostname="DESKTOP-AT80JRI" failures="0" tests="1" name="com.learnit360.testcases.TestCaseDemo" time="17.716" errors="0" timestamp="2024-06-21T22:34:19 BDT" skipped="0">
  <testcase classname="com.learnit360.testcases.TestCaseDemo" name="testCheck" time="17.716"/>
</testsuite> <!-- com.learnit360.testcases.TestCaseDemo -->
