<?xml version="1.0" encoding="UTF-8"?>
<!-- Generated by org.testng.reporters.JUnitReportReporter -->
<testsuite hostname="DESKTOP-AT80JRI" failures="0" tests="1" name="com.learnit360.testcases.PaymentGatewayTest" time="34.018" errors="0" timestamp="2024-07-03T17:21:27 BDT" skipped="0">
  <testcase classname="com.learnit360.testcases.PaymentGatewayTest" name="paymentcheckingTest" time="34.018"/>
</testsuite> <!-- com.learnit360.testcases.PaymentGatewayTest -->
